<?xml version="1.0" encoding="UTF-8"?>
<testsuite xmlns:xsi="http://www.w3.org/2001/XMLSchema-instance" xsi:noNamespaceSchemaLocation="https://maven.apache.org/surefire/maven-surefire-plugin/xsd/surefire-test-report.xsd" name="edu.okbu.cs1.AppTest" time="0.231" tests="43" errors="0" skipped="0" failures="0">
  <properties>
[...]
</properties>
  <testcase name="test_001" classname="edu.okbu.cs1.AppTest" time="0.009"/>
  <testcase name="test_002" classname="edu.okbu.cs1.AppTest" time="0"/>
  <testcase name="test_003" classname="edu.okbu.cs1.AppTest" time="0"/>
  <testcase name="test_004" classname="edu.okbu.cs1.AppTest" time="0"/>
  <testcase name="test_005" classname="edu.okbu.cs1.AppTest" time="0"/>
  <testcase name="test_006" classname="edu.okbu.cs1.AppTest" time="0.003"/>
  <testcase name="test_007" classname="edu.okbu.cs1.AppTest" time="0"/>
  <testcase name="test_008" classname="edu.okbu.cs1.AppTest" time="0.002"/>
  <testcase name="test_009" classname="edu.okbu.cs1.AppTest" time="0.001"/>
  <testcase name="test_010" classname="edu.okbu.cs1.AppTest" time="0.005"/>
  <testcase name="test_011" classname="edu.okbu.cs1.AppTest" time="0"/>
  <testcase name="test_012" classname="edu.okbu.cs1.AppTest" time="0"/>
  <testcase name="test_013" classname="edu.okbu.cs1.AppTest" time="0.005"/>
  <testcase name="test_014" classname="edu.okbu.cs1.AppTest" time="0.001"/>
  <testcase name="test_015" classname="edu.okbu.cs1.AppTest" time="0"/>
  <testcase name="test_016" classname="edu.okbu.cs1.AppTest" time="0"/>
  <testcase name="test_017" classname="edu.okbu.cs1.AppTest" time="0.001"/>
  <testcase name="test_018" classname="edu.okbu.cs1.AppTest" time="0"/>
  <testcase name="test_019" classname="edu.okbu.cs1.AppTest" time="0"/>
  <testcase name="test_020" classname="edu.okbu.cs1.AppTest" time="0.003"/>
  <testcase name="test_021" classname="edu.okbu.cs1.AppTest" time="0.001"/>
  <testcase name="test_022" classname="edu.okbu.cs1.AppTest" time="0"/>
  <testcase name="test_023" classname="edu.okbu.cs1.AppTest" time="0"/>
  <testcase name="test_024" classname="edu.okbu.cs1.AppTest" time="0"/>
  <testcase name="test_025" classname="edu.okbu.cs1.AppTest" time="0"/>
  <testcase name="test_026" classname="edu.okbu.cs1.AppTest" time="0"/>
  <testcase name="test_027" classname="edu.okbu.cs1.AppTest" time="0.005"/>
  <testcase name="test_028" classname="edu.okbu.cs1.AppTest" time="0"/>
  <testcase name="test_029" classname="edu.okbu.cs1.AppTest" time="0.003"/>
  <testcase name="test_030" classname="edu.okbu.cs1.AppTest" time="0"/>
  <testcase name="test_031" classname="edu.okbu.cs1.AppTest" time="0"/>
  <testcase name="test_032" classname="edu.okbu.cs1.AppTest" time="0"/>
  <testcase name="test_033" classname="edu.okbu.cs1.AppTest" time="0"/>
  <testcase name="test_034" classname="edu.okbu.cs1.AppTest" time="0"/>
  <testcase name="test_035" classname="edu.okbu.cs1.AppTest" time="0"/>
  <testcase name="test_036" classname="edu.okbu.cs1.AppTest" time="0.002"/>
  <testcase name="test_037" classname="edu.okbu.cs1.AppTest" time="0"/>
  <testcase name="test_038" classname="edu.okbu.cs1.AppTest" time="0"/>
  <testcase name="test_039" classname="edu.okbu.cs1.AppTest" time="0"/>
  <testcase name="test_040" classname="edu.okbu.cs1.AppTest" time="0"/>
  <testcase name="test_041" classname="edu.okbu.cs1.AppTest" time="0.003"/>
  <testcase name="test_042" classname="edu.okbu.cs1.AppTest" time="0.001"/>
  <testcase name="test_043" classname="edu.okbu.cs1.AppTest" time="0.001"/>
</testsuite>